0 info it worked if it ends with ok
1 verbose cli [ '/Users/Andysign/.nvm/versions/node/v5.10.1/bin/node',
1 verbose cli   '/Users/Andysign/.nvm/versions/node/v5.10.1/bin/npm',
1 verbose cli   'run',
1 verbose cli   'test' ]
2 info using npm@3.8.3
3 info using node@v5.10.1
4 verbose run-script [ 'pretest', 'test', 'posttest' ]
5 info lifecycle users@1.0.0~pretest: users@1.0.0
6 silly lifecycle users@1.0.0~pretest: no script for pretest, continuing
7 info lifecycle users@1.0.0~test: users@1.0.0
8 verbose lifecycle users@1.0.0~test: unsafe-perm in lifecycle true
9 verbose lifecycle users@1.0.0~test: PATH: /Users/Andysign/.nvm/versions/node/v5.10.1/lib/node_modules/npm/bin/node-gyp-bin:/Users/Andysign/projects/usersGraphQL/node_modules/.bin:/Users/Andysign/.nvm/versions/node/v5.10.1/bin:/Library/Frameworks/Python.framework/Versions/3.5/bin:/Users/Andysign/.local/bin:/Users/Andysign/.nvm/versions/node/v5.10.1/bin:/usr/local/heroku/bin:/usr/local/bin:/usr/bin:/bin:/usr/sbin:/sbin:/usr/local/git/bin:/usr/local/go/bin:/Users/Andysign/.rvm/bin:/Library/Java/JavaVirtualMachines/jdk1.8.0_121.jdk/Contents/Home/bin:/Users/Andysign/.nvm/versions/node/v5.10.1/bin:/usr/local/heroku/bin:/usr/local/bin:/usr/bin:/bin:/usr/sbin:/sbin:/usr/local/git/bin:/usr/local/go/bin:/Users/Andysign/.rvm/bin:/usr/local/go/bin:/Users/Andysign/code/golang/bin:/Users/Andysign/.local/bin:/Users/Andysign/.nvm/versions/node/v5.10.1/bin:/usr/local/heroku/bin:/usr/local/bin:/usr/bin:/bin:/usr/sbin:/sbin:/usr/local/git/bin:/usr/local/go/bin:/Users/Andysign/.rvm/bin:/Library/Java/JavaVirtualMachines/jdk1.8.0_121.jdk/Contents/Home/bin:/Users/Andysign/.nvm/versions/node/v5.10.1/bin:/usr/local/heroku/bin:/usr/local/bin:/usr/bin:/bin:/usr/sbin:/sbin:/usr/local/git/bin:/usr/local/go/bin:/Users/Andysign/.rvm/bin:/bin:/Users/Andysign/code/spark/bin:/Users/Andysign/.local/bin:/Users/Andysign/.nvm/versions/node/v5.10.1/bin:/usr/local/heroku/bin:/usr/local/bin:/usr/bin:/bin:/usr/sbin:/sbin:/usr/local/git/bin:/usr/local/go/bin:/Users/Andysign/.rvm/bin:/Library/Java/JavaVirtualMachines/jdk1.8.0_121.jdk/Contents/Home/bin:/Users/Andysign/.nvm/versions/node/v5.10.1/bin:/usr/local/heroku/bin:/usr/local/bin:/usr/bin:/bin:/usr/sbin:/sbin:/usr/local/git/bin:/usr/local/go/bin:/Users/Andysign/.rvm/bin:/usr/local/go/bin:/Users/Andysign/code/golang/bin:/Users/Andysign/.local/bin:/Users/Andysign/.nvm/versions/node/v5.10.1/bin:/usr/local/heroku/bin:/usr/local/bin:/usr/bin:/bin:/usr/sbin:/sbin:/usr/local/git/bin:/usr/local/go/bin:/Users/Andysign/.rvm/bin:/Library/Java/JavaVirtualMachines/jdk1.8.0_121.jdk/Contents/Home/bin:/Users/Andysign/.nvm/versions/node/v5.10.1/bin:/usr/local/heroku/bin:/usr/local/bin:/usr/bin:/bin:/usr/sbin:/sbin:/usr/local/git/bin:/usr/local/go/bin:/Users/Andysign/.rvm/bin:/bin:/usr/local/bin:/usr/bin:/bin:/usr/sbin:/sbin:/usr/local/git/bin:/Users/Andysign/.vimpkg/bin:/Users/Andysign/.local/bin:/Users/Andysign/.nvm/versions/node/v5.10.1/bin:/usr/local/heroku/bin:/usr/local/bin:/usr/bin:/bin:/usr/sbin:/sbin:/usr/local/git/bin:/usr/local/go/bin:/Users/Andysign/.rvm/bin:/Library/Java/JavaVirtualMachines/jdk1.8.0_121.jdk/Contents/Home/bin:/Users/Andysign/.nvm/versions/node/v5.10.1/bin:/usr/local/heroku/bin:/usr/local/bin:/usr/bin:/bin:/usr/sbin:/sbin:/usr/local/git/bin:/usr/local/go/bin:/Users/Andysign/.rvm/bin:/usr/local/go/bin:/Users/Andysign/code/golang/bin:/Users/Andysign/.local/bin:/Users/Andysign/.nvm/versions/node/v5.10.1/bin:/usr/local/heroku/bin:/usr/local/bin:/usr/bin:/bin:/usr/sbin:/sbin:/usr/local/git/bin:/usr/local/go/bin:/Users/Andysign/.rvm/bin:/Library/Java/JavaVirtualMachines/jdk1.8.0_121.jdk/Contents/Home/bin:/Users/Andysign/.nvm/versions/node/v5.10.1/bin:/usr/local/heroku/bin:/usr/local/bin:/usr/bin:/bin:/usr/sbin:/sbin:/usr/local/git/bin:/usr/local/go/bin:/Users/Andysign/.rvm/bin:/bin:/Users/Andysign/code/spark/bin:/Users/Andysign/.local/bin:/Users/Andysign/.nvm/versions/node/v5.10.1/bin:/usr/local/heroku/bin:/usr/local/bin:/usr/bin:/bin:/usr/sbin:/sbin:/usr/local/git/bin:/usr/local/go/bin:/Users/Andysign/.rvm/bin:/Library/Java/JavaVirtualMachines/jdk1.8.0_121.jdk/Contents/Home/bin:/Users/Andysign/.nvm/versions/node/v5.10.1/bin:/usr/local/heroku/bin:/usr/local/bin:/usr/bin:/bin:/usr/sbin:/sbin:/usr/local/git/bin:/usr/local/go/bin:/Users/Andysign/.rvm/bin:/usr/local/go/bin:/Users/Andysign/code/golang/bin:/Users/Andysign/.local/bin:/Users/Andysign/.nvm/versions/node/v5.10.1/bin:/usr/local/heroku/bin:/usr/local/bin:/usr/bin:/bin:/usr/sbin:/sbin:/usr/local/git/bin:/usr/local/go/bin:/Users/Andysign/.rvm/bin:/Library/Java/JavaVirtualMachines/jdk1.8.0_121.jdk/Contents/Home/bin:/Users/Andysign/.nvm/versions/node/v5.10.1/bin:/usr/local/heroku/bin:/usr/local/bin:/usr/bin:/bin:/usr/sbin:/sbin:/usr/local/git/bin:/usr/local/go/bin:/Users/Andysign/.rvm/bin:/bin
10 verbose lifecycle users@1.0.0~test: CWD: /Users/Andysign/projects/usersGraphQL
11 silly lifecycle users@1.0.0~test: Args: [ '-c', 'lint-staged && eslint .' ]
12 silly lifecycle users@1.0.0~test: Returned: code: 1  signal: null
13 info lifecycle users@1.0.0~test: Failed to exec test script
14 verbose stack Error: users@1.0.0 test: `lint-staged && eslint .`
14 verbose stack Exit status 1
14 verbose stack     at EventEmitter.<anonymous> (/Users/Andysign/.nvm/versions/node/v5.10.1/lib/node_modules/npm/lib/utils/lifecycle.js:239:16)
14 verbose stack     at emitTwo (events.js:100:13)
14 verbose stack     at EventEmitter.emit (events.js:185:7)
14 verbose stack     at ChildProcess.<anonymous> (/Users/Andysign/.nvm/versions/node/v5.10.1/lib/node_modules/npm/lib/utils/spawn.js:24:14)
14 verbose stack     at emitTwo (events.js:100:13)
14 verbose stack     at ChildProcess.emit (events.js:185:7)
14 verbose stack     at maybeClose (internal/child_process.js:850:16)
14 verbose stack     at Process.ChildProcess._handle.onexit (internal/child_process.js:215:5)
15 verbose pkgid users@1.0.0
16 verbose cwd /Users/Andysign/projects/usersGraphQL
17 error Darwin 16.5.0
18 error argv "/Users/Andysign/.nvm/versions/node/v5.10.1/bin/node" "/Users/Andysign/.nvm/versions/node/v5.10.1/bin/npm" "run" "test"
19 error node v5.10.1
20 error npm  v3.8.3
21 error code ELIFECYCLE
22 error users@1.0.0 test: `lint-staged && eslint .`
22 error Exit status 1
23 error Failed at the users@1.0.0 test script 'lint-staged && eslint .'.
23 error Make sure you have the latest version of node.js and npm installed.
23 error If you do, this is most likely a problem with the users package,
23 error not with npm itself.
23 error Tell the author that this fails on your system:
23 error     lint-staged && eslint .
23 error You can get information on how to open an issue for this project with:
23 error     npm bugs users
23 error Or if that isn't available, you can get their info via:
23 error     npm owner ls users
23 error There is likely additional logging output above.
24 verbose exit [ 1, true ]
